-------------------------------------------------------------------------------
Test set: com.backend.disney.DisneyApplicationTests
-------------------------------------------------------------------------------
Tests run: 1, Failures: 0, Errors: 1, Skipped: 0, Time elapsed: 2.476 s <<< FAILURE! - in com.backend.disney.DisneyApplicationTests
contextLoads  Time elapsed: 0.001 s  <<< ERROR!
java.lang.IllegalStateException: Failed to load ApplicationContext
Caused by: org.springframework.beans.factory.BeanCreationException: Error creating bean with name 'entityManagerFactory' defined in class path resource [org/springframework/boot/autoconfigure/orm/jpa/HibernateJpaConfiguration.class]: Invocation of init method failed; nested exception is org.hibernate.AnnotationException: mappedBy reference an unknown target entity property: com.backend.disney.entity.Character.movies in com.backend.disney.entity.Movie.characters
Caused by: org.hibernate.AnnotationException: mappedBy reference an unknown target entity property: com.backend.disney.entity.Character.movies in com.backend.disney.entity.Movie.characters

